Построение начато 29.06.2018 11:17:50.
     1>Проект "E:\IMSK\prj MSVisualC++\TargetM\TargetM\TargetM.vcxproj" в узле 2 (целевые объекты rebuild).
     1>_PrepareForClean:
         Файл "Debug\TargetM.lastbuildstate" удаляется.
       InitializeBuildStatus:
         Создание "Debug\TargetM.unsuccessfulbuild", так как было задано "AlwaysCreate".
       Midl:
         C:\Program Files (x86)\Microsoft SDKs\Windows\v7.0A\bin\midl.exe /D _DEBUG /W1 /nologo /char signed /env win32 /h "TargetM_h.h" /tlb "Debug\TargetM.tlb" /robust TargetM.idl 
         Processing .\TargetM.idl
         TargetM.idl
         Processing C:\Program Files (x86)\Microsoft SDKs\Windows\v7.0A\include\oaidl.idl
         oaidl.idl
         Processing C:\Program Files (x86)\Microsoft SDKs\Windows\v7.0A\include\objidl.idl
         objidl.idl
         Processing C:\Program Files (x86)\Microsoft SDKs\Windows\v7.0A\include\unknwn.idl
         unknwn.idl
         Processing C:\Program Files (x86)\Microsoft SDKs\Windows\v7.0A\include\wtypes.idl
         wtypes.idl
         Processing C:\Program Files (x86)\Microsoft SDKs\Windows\v7.0A\include\basetsd.h
         basetsd.h
         Processing C:\Program Files (x86)\Microsoft SDKs\Windows\v7.0A\include\guiddef.h
         guiddef.h
         Processing C:\Program Files (x86)\Microsoft SDKs\Windows\v7.0A\include\oaidl.acf
         oaidl.acf
       ClCompile:
         C:\Program Files (x86)\Microsoft Visual Studio 10.0\VC\bin\CL.exe /c /ZI /nologo /W3 /WX- /Od /Oy- /D WIN32 /D _WINDOWS /D _DEBUG /D _UNICODE /D UNICODE /Gm /EHsc /RTC1 /MTd /GS /fp:precise /Zc:wchar_t /Zc:forScope /Yc"StdAfx.h" /Fp"Debug\TargetM.pch" /Fo"Debug\\" /Fd"Debug\vc100.pdb" /Gd /TP /analyze- /errorReport:prompt stdafx.cpp
         stdafx.cpp
         C:\Program Files (x86)\Microsoft Visual Studio 10.0\VC\bin\CL.exe /c /ZI /nologo /W3 /WX- /Od /Oy- /D WIN32 /D _WINDOWS /D _DEBUG /D _UNICODE /D UNICODE /Gm /EHsc /RTC1 /MTd /GS /fp:precise /Zc:wchar_t /Zc:forScope /Yu"StdAfx.h" /Fp"Debug\TargetM.pch" /Fo"Debug\\" /Fd"Debug\vc100.pdb" /Gd /TP /analyze- /errorReport:prompt DlgProxy.cpp FlashScreenDlg.cpp Graph.cpp IniFileManager\IniFileManager.cpp Line.cpp MyEdit.cpp PrintListCtrl.cpp ReportDlg.cpp Serial.cpp SerialLight.cpp ShotReport.cpp TargetM.cpp TargetMDlg.cpp TargetV.cpp TestParDlg.cpp xShadeButton.cpp
         xShadeButton.cpp
     1>e:\imsk\prj msvisualc++\targetm\targetm\xshadebutton.cpp(812): warning C4244: =: преобразование "long" в "BYTE", возможна потеря данных
     1>e:\imsk\prj msvisualc++\targetm\targetm\xshadebutton.cpp(813): warning C4244: =: преобразование "long" в "BYTE", возможна потеря данных
         TestParDlg.cpp
         TargetV.cpp
     1>e:\imsk\prj msvisualc++\targetm\targetm\targetv.cpp(43): warning C4482: использовано нестандартное расширение: перечислитель "TargetM_area" использован в полном имени
     1>e:\imsk\prj msvisualc++\targetm\targetm\targetv.cpp(81): warning C4482: использовано нестандартное расширение: перечислитель "TargetM_area" использован в полном имени
     1>e:\imsk\prj msvisualc++\targetm\targetm\targetv.cpp(332): warning C4482: использовано нестандартное расширение: перечислитель "TargetM_state" использован в полном имени
     1>e:\imsk\prj msvisualc++\targetm\targetm\targetv.cpp(349): warning C4482: использовано нестандартное расширение: перечислитель "TargetM_state" использован в полном имени
     1>e:\imsk\prj msvisualc++\targetm\targetm\targetv.cpp(371): warning C4482: использовано нестандартное расширение: перечислитель "TargetM_cmd" использован в полном имени
     1>e:\imsk\prj msvisualc++\targetm\targetm\targetv.cpp(373): warning C4482: использовано нестандартное расширение: перечислитель "TargetM_state" использован в полном имени
     1>e:\imsk\prj msvisualc++\targetm\targetm\targetv.cpp(387): warning C4482: использовано нестандартное расширение: перечислитель "TargetM_cmd" использован в полном имени
     1>e:\imsk\prj msvisualc++\targetm\targetm\targetv.cpp(389): warning C4482: использовано нестандартное расширение: перечислитель "TargetM_state" использован в полном имени
     1>e:\imsk\prj msvisualc++\targetm\targetm\targetv.cpp(397): warning C4482: использовано нестандартное расширение: перечислитель "TargetM_cmd" использован в полном имени
     1>e:\imsk\prj msvisualc++\targetm\targetm\targetv.cpp(399): warning C4482: использовано нестандартное расширение: перечислитель "TargetM_state" использован в полном имени
     1>e:\imsk\prj msvisualc++\targetm\targetm\targetv.cpp(410): warning C4482: использовано нестандартное расширение: перечислитель "TargetM_cmd" использован в полном имени
     1>e:\imsk\prj msvisualc++\targetm\targetm\targetv.cpp(412): warning C4482: использовано нестандартное расширение: перечислитель "TargetM_state" использован в полном имени
     1>e:\imsk\prj msvisualc++\targetm\targetm\targetv.cpp(418): warning C4482: использовано нестандартное расширение: перечислитель "TargetM_cmd" использован в полном имени
     1>e:\imsk\prj msvisualc++\targetm\targetm\targetv.cpp(420): warning C4482: использовано нестандартное расширение: перечислитель "TargetM_state" использован в полном имени
     1>e:\imsk\prj msvisualc++\targetm\targetm\targetv.cpp(429): warning C4482: использовано нестандартное расширение: перечислитель "TargetM_cmd" использован в полном имени
     1>e:\imsk\prj msvisualc++\targetm\targetm\targetv.cpp(438): warning C4482: использовано нестандартное расширение: перечислитель "TargetM_state" использован в полном имени
     1>e:\imsk\prj msvisualc++\targetm\targetm\targetv.cpp(492): warning C4482: использовано нестандартное расширение: перечислитель "TargetM_state" использован в полном имени
     1>e:\imsk\prj msvisualc++\targetm\targetm\targetv.cpp(497): warning C4482: использовано нестандартное расширение: перечислитель "TargetM_state" использован в полном имени
     1>e:\imsk\prj msvisualc++\targetm\targetm\targetv.cpp(626): warning C4482: использовано нестандартное расширение: перечислитель "TargetM_state" использован в полном имени
     1>e:\imsk\prj msvisualc++\targetm\targetm\targetv.cpp(1089): warning C4244: =: преобразование "double" в "DWORD", возможна потеря данных
     1>e:\imsk\prj msvisualc++\targetm\targetm\targetv.cpp(1094): warning C4244: =: преобразование "double" в "DWORD", возможна потеря данных
     1>e:\imsk\prj msvisualc++\targetm\targetm\targetv.cpp(1099): warning C4244: =: преобразование "double" в "DWORD", возможна потеря данных
     1>e:\imsk\prj msvisualc++\targetm\targetm\targetv.cpp(1104): warning C4244: =: преобразование "double" в "DWORD", возможна потеря данных
     1>e:\imsk\prj msvisualc++\targetm\targetm\targetv.cpp(2436): warning C4244: =: преобразование "double" в "LONG", возможна потеря данных
     1>e:\imsk\prj msvisualc++\targetm\targetm\targetv.cpp(2437): warning C4244: =: преобразование "double" в "LONG", возможна потеря данных
         TargetMDlg.cpp
     1>e:\imsk\prj msvisualc++\targetm\targetm\targetmdlg.cpp(678): warning C4482: использовано нестандартное расширение: перечислитель "TargetM_state" использован в полном имени
     1>e:\imsk\prj msvisualc++\targetm\targetm\targetmdlg.cpp(843): warning C4482: использовано нестандартное расширение: перечислитель "TargetM_cmd" использован в полном имени
     1>e:\imsk\prj msvisualc++\targetm\targetm\targetmdlg.cpp(1049): warning C4482: использовано нестандартное расширение: перечислитель "TargetM_state" использован в полном имени
     1>e:\imsk\prj msvisualc++\targetm\targetm\targetmdlg.cpp(1180): warning C4482: использовано нестандартное расширение: перечислитель "TargetM_cmd" использован в полном имени
     1>e:\imsk\prj msvisualc++\targetm\targetm\targetmdlg.cpp(1189): warning C4482: использовано нестандартное расширение: перечислитель "TargetM_cmd" использован в полном имени
     1>e:\imsk\prj msvisualc++\targetm\targetm\targetmdlg.cpp(1284): warning C4482: использовано нестандартное расширение: перечислитель "TargetM_cmd" использован в полном имени
     1>e:\imsk\prj msvisualc++\targetm\targetm\targetmdlg.cpp(1413): warning C4482: использовано нестандартное расширение: перечислитель "TargetM_cmd" использован в полном имени
     1>e:\imsk\prj msvisualc++\targetm\targetm\targetmdlg.cpp(1414): warning C4482: использовано нестандартное расширение: перечислитель "TargetM_cmd" использован в полном имени
     1>e:\imsk\prj msvisualc++\targetm\targetm\targetmdlg.cpp(1415): warning C4482: использовано нестандартное расширение: перечислитель "TargetM_cmd" использован в полном имени
     1>e:\imsk\prj msvisualc++\targetm\targetm\targetmdlg.cpp(1416): warning C4482: использовано нестандартное расширение: перечислитель "TargetM_cmd" использован в полном имени
     1>e:\imsk\prj msvisualc++\targetm\targetm\targetmdlg.cpp(1504): warning C4482: использовано нестандартное расширение: перечислитель "TargetM_cmd" использован в полном имени
     1>e:\imsk\prj msvisualc++\targetm\targetm\targetmdlg.cpp(1544): warning C4482: использовано нестандартное расширение: перечислитель "TargetM_cmd" использован в полном имени
     1>e:\imsk\prj msvisualc++\targetm\targetm\targetmdlg.cpp(1588): warning C4482: использовано нестандартное расширение: перечислитель "TargetM_cmd" использован в полном имени
     1>e:\imsk\prj msvisualc++\targetm\targetm\targetmdlg.cpp(1627): warning C4482: использовано нестандартное расширение: перечислитель "TargetM_cmd" использован в полном имени
     1>e:\imsk\prj msvisualc++\targetm\targetm\targetmdlg.cpp(1631): warning C4482: использовано нестандартное расширение: перечислитель "TargetM_cmd" использован в полном имени
     1>e:\imsk\prj msvisualc++\targetm\targetm\targetmdlg.cpp(1635): warning C4482: использовано нестандартное расширение: перечислитель "TargetM_cmd" использован в полном имени
     1>e:\imsk\prj msvisualc++\targetm\targetm\targetmdlg.cpp(1639): warning C4482: использовано нестандартное расширение: перечислитель "TargetM_cmd" использован в полном имени
     1>e:\imsk\prj msvisualc++\targetm\targetm\targetmdlg.cpp(1643): warning C4482: использовано нестандартное расширение: перечислитель "TargetM_cmd" использован в полном имени
     1>e:\imsk\prj msvisualc++\targetm\targetm\targetmdlg.cpp(1957): warning C4996: 'swprintf': swprintf has been changed to conform with the ISO C standard, adding an extra character count parameter. To use traditional Microsoft swprintf, set _CRT_NON_CONFORMING_SWPRINTFS.
                 c:\program files (x86)\microsoft visual studio 10.0\vc\include\swprintf.inl(85): см. объявление "swprintf"
     1>e:\imsk\prj msvisualc++\targetm\targetm\targetmdlg.cpp(2086): warning C4996: 'swprintf': swprintf has been changed to conform with the ISO C standard, adding an extra character count parameter. To use traditional Microsoft swprintf, set _CRT_NON_CONFORMING_SWPRINTFS.
                 c:\program files (x86)\microsoft visual studio 10.0\vc\include\swprintf.inl(85): см. объявление "swprintf"
     1>e:\imsk\prj msvisualc++\targetm\targetm\targetmdlg.cpp(2337): warning C4996: '_wfopen': This function or variable may be unsafe. Consider using _wfopen_s instead. To disable deprecation, use _CRT_SECURE_NO_WARNINGS. See online help for details.
                 c:\program files (x86)\microsoft visual studio 10.0\vc\include\wchar.h(815): см. объявление "_wfopen"
     1>e:\imsk\prj msvisualc++\targetm\targetm\targetmdlg.cpp(2353): warning C4996: 'sprintf': This function or variable may be unsafe. Consider using sprintf_s instead. To disable deprecation, use _CRT_SECURE_NO_WARNINGS. See online help for details.
                 c:\program files (x86)\microsoft visual studio 10.0\vc\include\stdio.h(371): см. объявление "sprintf"
     1>e:\imsk\prj msvisualc++\targetm\targetm\targetmdlg.cpp(2359): warning C4996: 'sprintf': This function or variable may be unsafe. Consider using sprintf_s instead. To disable deprecation, use _CRT_SECURE_NO_WARNINGS. See online help for details.
                 c:\program files (x86)\microsoft visual studio 10.0\vc\include\stdio.h(371): см. объявление "sprintf"
     1>e:\imsk\prj msvisualc++\targetm\targetm\targetmdlg.cpp(2375): warning C4996: 'sprintf': This function or variable may be unsafe. Consider using sprintf_s instead. To disable deprecation, use _CRT_SECURE_NO_WARNINGS. See online help for details.
                 c:\program files (x86)\microsoft visual studio 10.0\vc\include\stdio.h(371): см. объявление "sprintf"
     1>e:\imsk\prj msvisualc++\targetm\targetm\targetmdlg.cpp(2384): warning C4996: 'sprintf': This function or variable may be unsafe. Consider using sprintf_s instead. To disable deprecation, use _CRT_SECURE_NO_WARNINGS. See online help for details.
                 c:\program files (x86)\microsoft visual studio 10.0\vc\include\stdio.h(371): см. объявление "sprintf"
     1>e:\imsk\prj msvisualc++\targetm\targetm\targetmdlg.cpp(2387): warning C4996: 'sprintf': This function or variable may be unsafe. Consider using sprintf_s instead. To disable deprecation, use _CRT_SECURE_NO_WARNINGS. See online help for details.
                 c:\program files (x86)\microsoft visual studio 10.0\vc\include\stdio.h(371): см. объявление "sprintf"
     1>e:\imsk\prj msvisualc++\targetm\targetm\targetmdlg.cpp(2407): warning C4996: 'sprintf': This function or variable may be unsafe. Consider using sprintf_s instead. To disable deprecation, use _CRT_SECURE_NO_WARNINGS. See online help for details.
                 c:\program files (x86)\microsoft visual studio 10.0\vc\include\stdio.h(371): см. объявление "sprintf"
     1>e:\imsk\prj msvisualc++\targetm\targetm\targetmdlg.cpp(2410): warning C4996: 'sprintf': This function or variable may be unsafe. Consider using sprintf_s instead. To disable deprecation, use _CRT_SECURE_NO_WARNINGS. See online help for details.
                 c:\program files (x86)\microsoft visual studio 10.0\vc\include\stdio.h(371): см. объявление "sprintf"
     1>e:\imsk\prj msvisualc++\targetm\targetm\targetmdlg.cpp(2413): warning C4996: 'sprintf': This function or variable may be unsafe. Consider using sprintf_s instead. To disable deprecation, use _CRT_SECURE_NO_WARNINGS. See online help for details.
                 c:\program files (x86)\microsoft visual studio 10.0\vc\include\stdio.h(371): см. объявление "sprintf"
     1>e:\imsk\prj msvisualc++\targetm\targetm\targetmdlg.cpp(2440): warning C4996: 'sprintf': This function or variable may be unsafe. Consider using sprintf_s instead. To disable deprecation, use _CRT_SECURE_NO_WARNINGS. See online help for details.
                 c:\program files (x86)\microsoft visual studio 10.0\vc\include\stdio.h(371): см. объявление "sprintf"
     1>e:\imsk\prj msvisualc++\targetm\targetm\targetmdlg.cpp(2455): warning C4996: 'sprintf': This function or variable may be unsafe. Consider using sprintf_s instead. To disable deprecation, use _CRT_SECURE_NO_WARNINGS. See online help for details.
                 c:\program files (x86)\microsoft visual studio 10.0\vc\include\stdio.h(371): см. объявление "sprintf"
     1>e:\imsk\prj msvisualc++\targetm\targetm\targetmdlg.cpp(2464): warning C4996: 'sprintf': This function or variable may be unsafe. Consider using sprintf_s instead. To disable deprecation, use _CRT_SECURE_NO_WARNINGS. See online help for details.
                 c:\program files (x86)\microsoft visual studio 10.0\vc\include\stdio.h(371): см. объявление "sprintf"
     1>e:\imsk\prj msvisualc++\targetm\targetm\targetmdlg.cpp(2470): warning C4996: 'sprintf': This function or variable may be unsafe. Consider using sprintf_s instead. To disable deprecation, use _CRT_SECURE_NO_WARNINGS. See online help for details.
                 c:\program files (x86)\microsoft visual studio 10.0\vc\include\stdio.h(371): см. объявление "sprintf"
     1>e:\imsk\prj msvisualc++\targetm\targetm\targetmdlg.cpp(2474): warning C4018: <: несоответствие типов со знаком и без знака
     1>e:\imsk\prj msvisualc++\targetm\targetm\targetmdlg.cpp(2486): warning C4996: 'sprintf': This function or variable may be unsafe. Consider using sprintf_s instead. To disable deprecation, use _CRT_SECURE_NO_WARNINGS. See online help for details.
                 c:\program files (x86)\microsoft visual studio 10.0\vc\include\stdio.h(371): см. объявление "sprintf"
     1>e:\imsk\prj msvisualc++\targetm\targetm\targetmdlg.cpp(2495): warning C4018: <: несоответствие типов со знаком и без знака
     1>e:\imsk\prj msvisualc++\targetm\targetm\targetmdlg.cpp(2505): warning C4996: 'sprintf': This function or variable may be unsafe. Consider using sprintf_s instead. To disable deprecation, use _CRT_SECURE_NO_WARNINGS. See online help for details.
                 c:\program files (x86)\microsoft visual studio 10.0\vc\include\stdio.h(371): см. объявление "sprintf"
     1>e:\imsk\prj msvisualc++\targetm\targetm\targetmdlg.cpp(2511): warning C4018: <: несоответствие типов со знаком и без знака
     1>e:\imsk\prj msvisualc++\targetm\targetm\targetmdlg.cpp(2517): warning C4996: 'sprintf': This function or variable may be unsafe. Consider using sprintf_s instead. To disable deprecation, use _CRT_SECURE_NO_WARNINGS. See online help for details.
                 c:\program files (x86)\microsoft visual studio 10.0\vc\include\stdio.h(371): см. объявление "sprintf"
     1>e:\imsk\prj msvisualc++\targetm\targetm\targetmdlg.cpp(2523): warning C4018: <: несоответствие типов со знаком и без знака
     1>e:\imsk\prj msvisualc++\targetm\targetm\targetmdlg.cpp(2565): warning C4996: 'sprintf': This function or variable may be unsafe. Consider using sprintf_s instead. To disable deprecation, use _CRT_SECURE_NO_WARNINGS. See online help for details.
                 c:\program files (x86)\microsoft visual studio 10.0\vc\include\stdio.h(371): см. объявление "sprintf"
     1>e:\imsk\prj msvisualc++\targetm\targetm\targetmdlg.cpp(2573): warning C4996: 'sprintf': This function or variable may be unsafe. Consider using sprintf_s instead. To disable deprecation, use _CRT_SECURE_NO_WARNINGS. See online help for details.
                 c:\program files (x86)\microsoft visual studio 10.0\vc\include\stdio.h(371): см. объявление "sprintf"
     1>e:\imsk\prj msvisualc++\targetm\targetm\targetmdlg.cpp(2585): warning C4996: 'sprintf': This function or variable may be unsafe. Consider using sprintf_s instead. To disable deprecation, use _CRT_SECURE_NO_WARNINGS. See online help for details.
                 c:\program files (x86)\microsoft visual studio 10.0\vc\include\stdio.h(371): см. объявление "sprintf"
     1>e:\imsk\prj msvisualc++\targetm\targetm\targetmdlg.cpp(2590): warning C4996: 'sprintf': This function or variable may be unsafe. Consider using sprintf_s instead. To disable deprecation, use _CRT_SECURE_NO_WARNINGS. See online help for details.
                 c:\program files (x86)\microsoft visual studio 10.0\vc\include\stdio.h(371): см. объявление "sprintf"
     1>e:\imsk\prj msvisualc++\targetm\targetm\targetmdlg.cpp(2602): warning C4996: 'sprintf': This function or variable may be unsafe. Consider using sprintf_s instead. To disable deprecation, use _CRT_SECURE_NO_WARNINGS. See online help for details.
                 c:\program files (x86)\microsoft visual studio 10.0\vc\include\stdio.h(371): см. объявление "sprintf"
     1>e:\imsk\prj msvisualc++\targetm\targetm\targetmdlg.cpp(2339): warning C4101: tpar: неиспользованная локальная переменная
         TargetM.cpp
         ShotReport.cpp
         SerialLight.cpp
     1>e:\imsk\prj msvisualc++\targetm\targetm\seriallight.cpp(122): warning C4800: BOOL: принудительно задано логическое значение "true" или "false" (предупреждение о производительности)
     1>e:\imsk\prj msvisualc++\targetm\targetm\seriallight.cpp(111): warning C4101: d2: неиспользованная локальная переменная
     1>e:\imsk\prj msvisualc++\targetm\targetm\seriallight.cpp(111): warning C4101: d1: неиспользованная локальная переменная
     1>e:\imsk\prj msvisualc++\targetm\targetm\seriallight.cpp(145): warning C4800: BOOL: принудительно задано логическое значение "true" или "false" (предупреждение о производительности)
     1>e:\imsk\prj msvisualc++\targetm\targetm\seriallight.cpp(175): warning C4800: BOOL: принудительно задано логическое значение "true" или "false" (предупреждение о производительности)
     1>e:\imsk\prj msvisualc++\targetm\targetm\seriallight.cpp(196): warning C4800: BOOL: принудительно задано логическое значение "true" или "false" (предупреждение о производительности)
     1>e:\imsk\prj msvisualc++\targetm\targetm\seriallight.cpp(350): warning C4101: keyName: неиспользованная локальная переменная
         Serial.cpp
     1>e:\imsk\prj msvisualc++\targetm\targetm\serial.cpp(26): warning C4005: STRICT: изменение макроопределения
                 c:\program files (x86)\microsoft visual studio 10.0\vc\atlmfc\include\afxv_w32.h(21): см. предыдущее определение "STRICT"
     1>e:\imsk\prj msvisualc++\targetm\targetm\serial.cpp(1639): warning C4101: keyName: неиспользованная локальная переменная
     1>e:\imsk\prj msvisualc++\targetm\targetm\serial.cpp(1723): warning C4244: =: преобразование "long" в "BYTE", возможна потеря данных
         ReportDlg.cpp
         PrintListCtrl.cpp
     1>e:\imsk\prj msvisualc++\targetm\targetm\printlistctrl.cpp(90): warning C4996: 'wcscpy': This function or variable may be unsafe. Consider using wcscpy_s instead. To disable deprecation, use _CRT_SECURE_NO_WARNINGS. See online help for details.
                 c:\program files (x86)\microsoft visual studio 10.0\vc\include\string.h(283): см. объявление "wcscpy"
         MyEdit.cpp
         Line.cpp
     1>e:\imsk\prj msvisualc++\targetm\targetm\line.cpp(23): warning C4244: =: преобразование "double" в "LONG", возможна потеря данных
     1>e:\imsk\prj msvisualc++\targetm\targetm\line.cpp(24): warning C4244: =: преобразование "double" в "LONG", возможна потеря данных
     1>e:\imsk\prj msvisualc++\targetm\targetm\line.cpp(26): warning C4244: =: преобразование "double" в "LONG", возможна потеря данных
     1>e:\imsk\prj msvisualc++\targetm\targetm\line.cpp(27): warning C4244: =: преобразование "double" в "LONG", возможна потеря данных
     1>e:\imsk\prj msvisualc++\targetm\targetm\line.cpp(86): warning C4244: =: преобразование "double" в "LONG", возможна потеря данных
     1>e:\imsk\prj msvisualc++\targetm\targetm\line.cpp(87): warning C4244: =: преобразование "double" в "LONG", возможна потеря данных
     1>e:\imsk\prj msvisualc++\targetm\targetm\line.cpp(89): warning C4244: =: преобразование "double" в "LONG", возможна потеря данных
     1>e:\imsk\prj msvisualc++\targetm\targetm\line.cpp(90): warning C4244: =: преобразование "double" в "LONG", возможна потеря данных
         IniFileManager.cpp
     1>e:\imsk\prj msvisualc++\targetm\targetm\inifilemanager\inifilemanager.cpp(25): warning C4996: 'wcscat': This function or variable may be unsafe. Consider using wcscat_s instead. To disable deprecation, use _CRT_SECURE_NO_WARNINGS. See online help for details.
                 c:\program files (x86)\microsoft visual studio 10.0\vc\include\string.h(276): см. объявление "wcscat"
     1>e:\imsk\prj msvisualc++\targetm\targetm\inifilemanager\inifilemanager.cpp(26): warning C4996: 'wcscat': This function or variable may be unsafe. Consider using wcscat_s instead. To disable deprecation, use _CRT_SECURE_NO_WARNINGS. See online help for details.
                 c:\program files (x86)\microsoft visual studio 10.0\vc\include\string.h(276): см. объявление "wcscat"
     1>e:\imsk\prj msvisualc++\targetm\targetm\inifilemanager\inifilemanager.cpp(27): warning C4996: 'wcscat': This function or variable may be unsafe. Consider using wcscat_s instead. To disable deprecation, use _CRT_SECURE_NO_WARNINGS. See online help for details.
                 c:\program files (x86)\microsoft visual studio 10.0\vc\include\string.h(276): см. объявление "wcscat"
     1>e:\imsk\prj msvisualc++\targetm\targetm\inifilemanager\inifilemanager.cpp(103): warning C4996: 'swscanf': This function or variable may be unsafe. Consider using swscanf_s instead. To disable deprecation, use _CRT_SECURE_NO_WARNINGS. See online help for details.
                 c:\program files (x86)\microsoft visual studio 10.0\vc\include\wchar.h(797): см. объявление "swscanf"
         Graph.cpp
         FlashScreenDlg.cpp
         DlgProxy.cpp
         Создание кода...
     1>e:\imsk\prj msvisualc++\targetm\targetm\myedit.cpp(82): warning C4715: CMyEdit::PreCreateWindow: значение возвращается не при всех путях выполнения
     1>e:\imsk\prj msvisualc++\targetm\targetm\targetv.cpp(219): warning C4715: CTargetM::CMD_create: значение возвращается не при всех путях выполнения
       ResourceCompile:
         C:\Program Files (x86)\Microsoft SDKs\Windows\v7.0A\bin\rc.exe /D _DEBUG /D _UNICODE /D UNICODE /l"0x0419" /IDebug\ /nologo /fo"Debug\TargetM.res" TargetM.rc 
       ManifestResourceCompile:
         C:\Program Files (x86)\Microsoft SDKs\Windows\v7.0A\bin\rc.exe /nologo /fo"Debug\TargetM.exe.embed.manifest.res" Debug\TargetM_manifest.rc 
       Link:
         C:\Program Files (x86)\Microsoft Visual Studio 10.0\VC\bin\link.exe /ERRORREPORT:PROMPT /OUT:"E:\IMSK\prj MSVisualC++\TargetM\Debug\TargetM.exe" /INCREMENTAL /NOLOGO /MANIFEST /ManifestFile:"Debug\TargetM.exe.intermediate.manifest" /MANIFESTUAC:"level='asInvoker' uiAccess='false'" /DEBUG /PDB:"E:\IMSK\prj MSVisualC++\TargetM\Debug\TargetM.pdb" /SUBSYSTEM:WINDOWS /TLBID:1 /ENTRY:"wWinMainCRTStartup" /DYNAMICBASE /NXCOMPAT /IMPLIB:"E:\IMSK\prj MSVisualC++\TargetM\Debug\TargetM.lib" /MACHINE:X86 Debug\TargetM.res
         Debug\TargetM.exe.embed.manifest.res
         Debug\DlgProxy.obj
         Debug\FlashScreenDlg.obj
         Debug\Graph.obj
         Debug\IniFileManager.obj
         Debug\Line.obj
         Debug\MyEdit.obj
         Debug\PrintListCtrl.obj
         Debug\ReportDlg.obj
         Debug\Serial.obj
         Debug\SerialLight.obj
         Debug\ShotReport.obj
         Debug\stdafx.obj
         Debug\TargetM.obj
         Debug\TargetMDlg.obj
         Debug\TargetV.obj
         Debug\TestParDlg.obj
         Debug\xShadeButton.obj
       Manifest:
         Файл "Debug\TargetM.exe.embed.manifest" удаляется.
         C:\Program Files (x86)\Microsoft SDKs\Windows\v7.0A\bin\mt.exe /nologo /verbose /out:"Debug\TargetM.exe.embed.manifest" /manifest Debug\TargetM.exe.intermediate.manifest "C:\Program Files (x86)\Microsoft Visual Studio 10.0\VC\Include\Manifest\dpiaware.manifest"
         C:\Program Files (x86)\Microsoft SDKs\Windows\v7.0A\bin\rc.exe /nologo /fo"Debug\TargetM.exe.embed.manifest.res" Debug\TargetM_manifest.rc 
       LinkEmbedManifest:
         C:\Program Files (x86)\Microsoft Visual Studio 10.0\VC\bin\link.exe /ERRORREPORT:PROMPT /OUT:"E:\IMSK\prj MSVisualC++\TargetM\Debug\TargetM.exe" /INCREMENTAL /NOLOGO /MANIFEST /ManifestFile:"Debug\TargetM.exe.intermediate.manifest" /MANIFESTUAC:"level='asInvoker' uiAccess='false'" /DEBUG /PDB:"E:\IMSK\prj MSVisualC++\TargetM\Debug\TargetM.pdb" /SUBSYSTEM:WINDOWS /TLBID:1 /ENTRY:"wWinMainCRTStartup" /DYNAMICBASE /NXCOMPAT /IMPLIB:"E:\IMSK\prj MSVisualC++\TargetM\Debug\TargetM.lib" /MACHINE:X86 Debug\TargetM.res
         Debug\TargetM.exe.embed.manifest.res
         Debug\DlgProxy.obj
         Debug\FlashScreenDlg.obj
         Debug\Graph.obj
         Debug\IniFileManager.obj
         Debug\Line.obj
         Debug\MyEdit.obj
         Debug\PrintListCtrl.obj
         Debug\ReportDlg.obj
         Debug\Serial.obj
         Debug\SerialLight.obj
         Debug\ShotReport.obj
         Debug\stdafx.obj
         Debug\TargetM.obj
         Debug\TargetMDlg.obj
         Debug\TargetV.obj
         Debug\TestParDlg.obj
         Debug\xShadeButton.obj
         TargetM.vcxproj -> E:\IMSK\prj MSVisualC++\TargetM\Debug\TargetM.exe
       RegisterOutput:
         "E:\IMSK\prj MSVisualC++\TargetM\Debug\TargetM.exe" /RegServer
       FinalizeBuildStatus:
         Файл "Debug\TargetM.unsuccessfulbuild" удаляется.
         Обращение к "Debug\TargetM.lastbuildstate".
     1>Построение проекта "E:\IMSK\prj MSVisualC++\TargetM\TargetM\TargetM.vcxproj" завершено (целевые объекты rebuild).

Построение успешно завершено.

Затраченное время: 00:00:29.05
