E:\IMSK\PRJ MSVISUALC++\TARGETM\DEBUG\TARGETM.EXE
E:\IMSK\PRJ MSVISUALC++\TARGETM\DEBUG\TARGETM.ILK
E:\IMSK\PRJ MSVISUALC++\TARGETM\DEBUG\TARGETM.PDB
E:\IMSK\prj MSVisualC++\TargetM\TargetM\Debug\cl.command.1.tlog
E:\IMSK\prj MSVisualC++\TargetM\TargetM\Debug\CL.read.1.tlog
E:\IMSK\prj MSVisualC++\TargetM\TargetM\Debug\CL.write.1.tlog
E:\IMSK\PRJ MSVISUALC++\TARGETM\TARGETM\DEBUG\DLGPROXY.OBJ
E:\IMSK\PRJ MSVISUALC++\TARGETM\TARGETM\DEBUG\FLASHSCREENDLG.OBJ
E:\IMSK\PRJ MSVISUALC++\TARGETM\TARGETM\DEBUG\GRAPH.OBJ
E:\IMSK\PRJ MSVISUALC++\TARGETM\TARGETM\DEBUG\INIFILEMANAGER.OBJ
E:\IMSK\PRJ MSVISUALC++\TARGETM\TARGETM\DEBUG\LINE.OBJ
E:\IMSK\prj MSVisualC++\TargetM\TargetM\Debug\link.13548.read.1.tlog
E:\IMSK\prj MSVisualC++\TargetM\TargetM\Debug\link.13548.write.1.tlog
E:\IMSK\prj MSVisualC++\TargetM\TargetM\Debug\link.13548-cvtres.read.1.tlog
E:\IMSK\prj MSVisualC++\TargetM\TargetM\Debug\link.13548-cvtres.write.1.tlog
E:\IMSK\prj MSVisualC++\TargetM\TargetM\Debug\link.command.1.tlog
E:\IMSK\prj MSVisualC++\TargetM\TargetM\Debug\link.read.1.tlog
E:\IMSK\prj MSVisualC++\TargetM\TargetM\Debug\link.write.1.tlog
E:\IMSK\prj MSVisualC++\TargetM\TargetM\Debug\link-cvtres.read.1.tlog
E:\IMSK\prj MSVisualC++\TargetM\TargetM\Debug\link-cvtres.write.1.tlog
E:\IMSK\prj MSVisualC++\TargetM\TargetM\Debug\midl.command.1.tlog
E:\IMSK\prj MSVisualC++\TargetM\TargetM\Debug\midl.read.1.tlog
E:\IMSK\prj MSVisualC++\TargetM\TargetM\Debug\midl.write.1.tlog
E:\IMSK\prj MSVisualC++\TargetM\TargetM\Debug\midl-midlc.read.1.tlog
E:\IMSK\prj MSVisualC++\TargetM\TargetM\Debug\midl-midlc.write.1.tlog
E:\IMSK\prj MSVisualC++\TargetM\TargetM\Debug\midl-midlc-cl.read.1.tlog
E:\IMSK\prj MSVisualC++\TargetM\TargetM\Debug\mt.command.1.tlog
E:\IMSK\prj MSVisualC++\TargetM\TargetM\Debug\mt.read.1.tlog
E:\IMSK\prj MSVisualC++\TargetM\TargetM\Debug\mt.write.1.tlog
E:\IMSK\PRJ MSVISUALC++\TARGETM\TARGETM\DEBUG\MYEDIT.OBJ
E:\IMSK\PRJ MSVISUALC++\TARGETM\TARGETM\DEBUG\PRINTLISTCTRL.OBJ
E:\IMSK\prj MSVisualC++\TargetM\TargetM\Debug\rc.command.1.tlog
E:\IMSK\prj MSVisualC++\TargetM\TargetM\Debug\rc.read.1.tlog
E:\IMSK\prj MSVisualC++\TargetM\TargetM\Debug\rc.write.1.tlog
E:\IMSK\PRJ MSVISUALC++\TARGETM\TARGETM\DEBUG\REPORTDLG.OBJ
E:\IMSK\PRJ MSVISUALC++\TARGETM\TARGETM\DEBUG\SERIAL.OBJ
E:\IMSK\PRJ MSVISUALC++\TARGETM\TARGETM\DEBUG\SERIALLIGHT.OBJ
E:\IMSK\PRJ MSVISUALC++\TARGETM\TARGETM\DEBUG\SHOTREPORT.OBJ
E:\IMSK\PRJ MSVISUALC++\TARGETM\TARGETM\DEBUG\STDAFX.OBJ
E:\IMSK\PRJ MSVISUALC++\TARGETM\TARGETM\DEBUG\TARGETM.EXE.EMBED.MANIFEST
E:\IMSK\PRJ MSVISUALC++\TARGETM\TARGETM\DEBUG\TARGETM.EXE.EMBED.MANIFEST.RES
E:\IMSK\PRJ MSVISUALC++\TARGETM\TARGETM\DEBUG\TARGETM.EXE.INTERMEDIATE.MANIFEST
E:\IMSK\PRJ MSVISUALC++\TARGETM\TARGETM\DEBUG\TARGETM.OBJ
E:\IMSK\PRJ MSVISUALC++\TARGETM\TARGETM\DEBUG\TARGETM.PCH
E:\IMSK\PRJ MSVISUALC++\TARGETM\TARGETM\DEBUG\TARGETM.RES
E:\IMSK\PRJ MSVISUALC++\TARGETM\TARGETM\DEBUG\TARGETM.TLB
E:\IMSK\prj MSVisualC++\TargetM\TargetM\Debug\TargetM.vcxprojResolveAssemblyReference.cache
E:\IMSK\prj MSVisualC++\TargetM\TargetM\Debug\TargetM.write.1.tlog
E:\IMSK\prj MSVisualC++\TargetM\TargetM\Debug\TargetM_manifest.rc
E:\IMSK\PRJ MSVISUALC++\TARGETM\TARGETM\DEBUG\TARGETMDLG.OBJ
E:\IMSK\PRJ MSVISUALC++\TARGETM\TARGETM\DEBUG\TARGETV.OBJ
E:\IMSK\PRJ MSVISUALC++\TARGETM\TARGETM\DEBUG\TESTPARDLG.OBJ
E:\IMSK\prj MSVisualC++\TargetM\TargetM\Debug\vc100.idb
E:\IMSK\PRJ MSVISUALC++\TARGETM\TARGETM\DEBUG\VC100.PDB
E:\IMSK\PRJ MSVISUALC++\TARGETM\TARGETM\DEBUG\XSHADEBUTTON.OBJ
E:\IMSK\PRJ MSVISUALC++\TARGETM\TARGETM\TARGETM_H.H
E:\IMSK\PRJ MSVISUALC++\TARGETM\TARGETM\TARGETM_I.C
