D:\TARGET2\VS2010\TARGETM\RELEASE\TARGETM.EXE
D:\TARGET2\VS2010\TARGETM\RELEASE\TARGETM.PDB
d:\TARGET2\VS2010\TargetM\TargetM\Release\cl.command.1.tlog
d:\TARGET2\VS2010\TargetM\TargetM\Release\CL.read.1.tlog
d:\TARGET2\VS2010\TargetM\TargetM\Release\CL.write.1.tlog
D:\TARGET2\VS2010\TARGETM\TARGETM\RELEASE\DLGPROXY.OBJ
D:\TARGET2\VS2010\TARGETM\TARGETM\RELEASE\GRAPH.OBJ
D:\TARGET2\VS2010\TARGETM\TARGETM\RELEASE\INIFILEMANAGER.OBJ
d:\TARGET2\VS2010\TargetM\TargetM\Release\link.command.1.tlog
d:\TARGET2\VS2010\TargetM\TargetM\Release\link.read.1.tlog
d:\TARGET2\VS2010\TargetM\TargetM\Release\link.write.1.tlog
d:\TARGET2\VS2010\TargetM\TargetM\Release\link-cvtres.read.1.tlog
d:\TARGET2\VS2010\TargetM\TargetM\Release\link-cvtres.write.1.tlog
d:\TARGET2\VS2010\TargetM\TargetM\Release\midl.command.1.tlog
d:\TARGET2\VS2010\TargetM\TargetM\Release\midl.read.1.tlog
d:\TARGET2\VS2010\TargetM\TargetM\Release\midl.write.1.tlog
d:\TARGET2\VS2010\TargetM\TargetM\Release\midl-midlc.read.1.tlog
d:\TARGET2\VS2010\TargetM\TargetM\Release\midl-midlc.write.1.tlog
d:\TARGET2\VS2010\TargetM\TargetM\Release\midl-midlc-cl.read.1.tlog
d:\TARGET2\VS2010\TargetM\TargetM\Release\mt.command.1.tlog
d:\TARGET2\VS2010\TargetM\TargetM\Release\mt.read.1.tlog
d:\TARGET2\VS2010\TargetM\TargetM\Release\mt.write.1.tlog
D:\TARGET2\VS2010\TARGETM\TARGETM\RELEASE\MYEDIT.OBJ
D:\TARGET2\VS2010\TARGETM\TARGETM\RELEASE\PRINTLISTCTRL.OBJ
d:\TARGET2\VS2010\TargetM\TargetM\Release\rc.command.1.tlog
d:\TARGET2\VS2010\TargetM\TargetM\Release\rc.read.1.tlog
d:\TARGET2\VS2010\TargetM\TargetM\Release\rc.write.1.tlog
D:\TARGET2\VS2010\TARGETM\TARGETM\RELEASE\REPORTDLG.OBJ
D:\TARGET2\VS2010\TARGETM\TARGETM\RELEASE\SERIAL.OBJ
D:\TARGET2\VS2010\TARGETM\TARGETM\RELEASE\SERIALLIGHT.OBJ
D:\TARGET2\VS2010\TARGETM\TARGETM\RELEASE\SHOTREPORT.OBJ
D:\TARGET2\VS2010\TARGETM\TARGETM\RELEASE\STDAFX.OBJ
D:\TARGET2\VS2010\TARGETM\TARGETM\RELEASE\TARGETM.EXE.INTERMEDIATE.MANIFEST
D:\TARGET2\VS2010\TARGETM\TARGETM\RELEASE\TARGETM.OBJ
D:\TARGET2\VS2010\TARGETM\TARGETM\RELEASE\TARGETM.PCH
D:\TARGET2\VS2010\TARGETM\TARGETM\RELEASE\TARGETM.RES
D:\TARGET2\VS2010\TARGETM\TARGETM\RELEASE\TARGETM.TLB
d:\TARGET2\VS2010\TargetM\TargetM\Release\TargetM.vcxprojResolveAssemblyReference.cache
d:\TARGET2\VS2010\TargetM\TargetM\Release\TargetM.write.1.tlog
D:\TARGET2\VS2010\TARGETM\TARGETM\RELEASE\TARGETMDLG.OBJ
D:\TARGET2\VS2010\TARGETM\TARGETM\RELEASE\TARGETV.OBJ
D:\TARGET2\VS2010\TARGETM\TARGETM\RELEASE\VC100.PDB
D:\TARGET2\VS2010\TARGETM\TARGETM\RELEASE\XSHADEBUTTON.OBJ
D:\TARGET2\VS2010\TARGETM\TARGETM\TARGETM_H.H
D:\TARGET2\VS2010\TARGETM\TARGETM\TARGETM_I.C
E:\IMSK\MSVISUALC++\TARGETM\VS2010\TARGETM\RELEASE\TARGETM.EXE
E:\IMSK\MSVISUALC++\TARGETM\VS2010\TARGETM\RELEASE\TARGETM.PDB
E:\IMSK\MSVISUALC++\TARGETM\VS2010\TARGETM\TARGETM\RELEASE\DLGPROXY.OBJ
E:\IMSK\MSVISUALC++\TARGETM\VS2010\TARGETM\TARGETM\RELEASE\GRAPH.OBJ
E:\IMSK\MSVISUALC++\TARGETM\VS2010\TARGETM\TARGETM\RELEASE\INIFILEMANAGER.OBJ
E:\IMSK\MSVISUALC++\TARGETM\VS2010\TARGETM\TARGETM\RELEASE\MYEDIT.OBJ
E:\IMSK\MSVISUALC++\TARGETM\VS2010\TARGETM\TARGETM\RELEASE\PRINTLISTCTRL.OBJ
E:\IMSK\MSVISUALC++\TARGETM\VS2010\TARGETM\TARGETM\RELEASE\REPORTDLG.OBJ
E:\IMSK\MSVISUALC++\TARGETM\VS2010\TARGETM\TARGETM\RELEASE\SERIAL.OBJ
E:\IMSK\MSVISUALC++\TARGETM\VS2010\TARGETM\TARGETM\RELEASE\SERIALLIGHT.OBJ
E:\IMSK\MSVISUALC++\TARGETM\VS2010\TARGETM\TARGETM\RELEASE\SHOTREPORT.OBJ
E:\IMSK\MSVISUALC++\TARGETM\VS2010\TARGETM\TARGETM\RELEASE\STDAFX.OBJ
E:\IMSK\MSVISUALC++\TARGETM\VS2010\TARGETM\TARGETM\RELEASE\TARGETM.EXE.INTERMEDIATE.MANIFEST
E:\IMSK\MSVISUALC++\TARGETM\VS2010\TARGETM\TARGETM\RELEASE\TARGETM.OBJ
E:\IMSK\MSVISUALC++\TARGETM\VS2010\TARGETM\TARGETM\RELEASE\TARGETM.PCH
E:\IMSK\MSVISUALC++\TARGETM\VS2010\TARGETM\TARGETM\RELEASE\TARGETM.RES
E:\IMSK\MSVISUALC++\TARGETM\VS2010\TARGETM\TARGETM\RELEASE\TARGETM.TLB
E:\IMSK\MSVISUALC++\TARGETM\VS2010\TARGETM\TARGETM\RELEASE\TARGETMDLG.OBJ
E:\IMSK\MSVISUALC++\TARGETM\VS2010\TARGETM\TARGETM\RELEASE\TARGETV.OBJ
E:\IMSK\MSVISUALC++\TARGETM\VS2010\TARGETM\TARGETM\RELEASE\VC100.PDB
E:\IMSK\MSVISUALC++\TARGETM\VS2010\TARGETM\TARGETM\RELEASE\XSHADEBUTTON.OBJ
E:\IMSK\MSVISUALC++\TARGETM\VS2010\TARGETM\TARGETM\TARGETM_H.H
E:\IMSK\MSVISUALC++\TARGETM\VS2010\TARGETM\TARGETM\TARGETM_I.C
